2021-08-11 15:11:14,242:ERROR main  (SpringApplication.java:860) - Application run failed
org.yaml.snakeyaml.scanner.ScannerException: mapping values are not allowed here
 in 'reader', line 5, column 12:
        threads:
               ^

	at org.yaml.snakeyaml.scanner.ScannerImpl.fetchValue(ScannerImpl.java:869) ~[snakeyaml-1.27.jar:?]
	at org.yaml.snakeyaml.scanner.ScannerImpl.fetchMoreTokens(ScannerImpl.java:358) ~[snakeyaml-1.27.jar:?]
	at org.yaml.snakeyaml.scanner.ScannerImpl.checkToken(ScannerImpl.java:227) ~[snakeyaml-1.27.jar:?]
	at org.yaml.snakeyaml.parser.ParserImpl$ParseBlockMappingKey.produce(ParserImpl.java:558) ~[snakeyaml-1.27.jar:?]
	at org.yaml.snakeyaml.parser.ParserImpl.peekEvent(ParserImpl.java:158) ~[snakeyaml-1.27.jar:?]
	at org.yaml.snakeyaml.parser.ParserImpl.checkEvent(ParserImpl.java:148) ~[snakeyaml-1.27.jar:?]
	at org.yaml.snakeyaml.composer.Composer.composeMappingNode(Composer.java:235) ~[snakeyaml-1.27.jar:?]
	at org.yaml.snakeyaml.composer.Composer.composeNode(Composer.java:162) ~[snakeyaml-1.27.jar:?]
	at org.yaml.snakeyaml.composer.Composer.composeValueNode(Composer.java:257) ~[snakeyaml-1.27.jar:?]
	at org.yaml.snakeyaml.composer.Composer.composeMappingChildren(Composer.java:248) ~[snakeyaml-1.27.jar:?]
	at org.yaml.snakeyaml.composer.Composer.composeMappingNode(Composer.java:236) ~[snakeyaml-1.27.jar:?]
	at org.yaml.snakeyaml.composer.Composer.composeNode(Composer.java:162) ~[snakeyaml-1.27.jar:?]
	at org.yaml.snakeyaml.composer.Composer.getNode(Composer.java:95) ~[snakeyaml-1.27.jar:?]
	at org.yaml.snakeyaml.constructor.BaseConstructor.getData(BaseConstructor.java:134) ~[snakeyaml-1.27.jar:?]
	at org.springframework.boot.env.OriginTrackedYamlLoader$OriginTrackingConstructor.getData(OriginTrackedYamlLoader.java:99) ~[spring-boot-2.4.9.jar:2.4.9]
	at org.yaml.snakeyaml.Yaml$1.next(Yaml.java:512) ~[snakeyaml-1.27.jar:?]
	at org.springframework.beans.factory.config.YamlProcessor.process(YamlProcessor.java:198) ~[spring-beans-5.3.9.jar:5.3.9]
	at org.springframework.beans.factory.config.YamlProcessor.process(YamlProcessor.java:166) ~[spring-beans-5.3.9.jar:5.3.9]
	at org.springframework.boot.env.OriginTrackedYamlLoader.load(OriginTrackedYamlLoader.java:84) ~[spring-boot-2.4.9.jar:2.4.9]
	at org.springframework.boot.env.YamlPropertySourceLoader.load(YamlPropertySourceLoader.java:50) ~[spring-boot-2.4.9.jar:2.4.9]
	at org.springframework.boot.context.config.StandardConfigDataLoader.load(StandardConfigDataLoader.java:54) ~[spring-boot-2.4.9.jar:2.4.9]
	at org.springframework.boot.context.config.StandardConfigDataLoader.load(StandardConfigDataLoader.java:36) ~[spring-boot-2.4.9.jar:2.4.9]
	at org.springframework.boot.context.config.ConfigDataLoaders.load(ConfigDataLoaders.java:103) ~[spring-boot-2.4.9.jar:2.4.9]
	at org.springframework.boot.context.config.ConfigDataImporter.load(ConfigDataImporter.java:128) ~[spring-boot-2.4.9.jar:2.4.9]
	at org.springframework.boot.context.config.ConfigDataImporter.resolveAndLoad(ConfigDataImporter.java:86) ~[spring-boot-2.4.9.jar:2.4.9]
	at org.springframework.boot.context.config.ConfigDataEnvironmentContributors.withProcessedImports(ConfigDataEnvironmentContributors.java:121) ~[spring-boot-2.4.9.jar:2.4.9]
	at org.springframework.boot.context.config.ConfigDataEnvironment.processInitial(ConfigDataEnvironment.java:240) ~[spring-boot-2.4.9.jar:2.4.9]
	at org.springframework.boot.context.config.ConfigDataEnvironment.processAndApply(ConfigDataEnvironment.java:227) ~[spring-boot-2.4.9.jar:2.4.9]
	at org.springframework.boot.context.config.ConfigDataEnvironmentPostProcessor.postProcessEnvironment(ConfigDataEnvironmentPostProcessor.java:102) ~[spring-boot-2.4.9.jar:2.4.9]
	at org.springframework.boot.context.config.ConfigDataEnvironmentPostProcessor.postProcessEnvironment(ConfigDataEnvironmentPostProcessor.java:94) ~[spring-boot-2.4.9.jar:2.4.9]
	at org.springframework.boot.env.EnvironmentPostProcessorApplicationListener.onApplicationEnvironmentPreparedEvent(EnvironmentPostProcessorApplicationListener.java:100) ~[spring-boot-2.4.9.jar:2.4.9]
	at org.springframework.boot.env.EnvironmentPostProcessorApplicationListener.onApplicationEvent(EnvironmentPostProcessorApplicationListener.java:86) ~[spring-boot-2.4.9.jar:2.4.9]
	at org.springframework.context.event.SimpleApplicationEventMulticaster.doInvokeListener(SimpleApplicationEventMulticaster.java:176) ~[spring-context-5.3.9.jar:5.3.9]
	at org.springframework.context.event.SimpleApplicationEventMulticaster.invokeListener(SimpleApplicationEventMulticaster.java:169) ~[spring-context-5.3.9.jar:5.3.9]
	at org.springframework.context.event.SimpleApplicationEventMulticaster.multicastEvent(SimpleApplicationEventMulticaster.java:143) ~[spring-context-5.3.9.jar:5.3.9]
	at org.springframework.context.event.SimpleApplicationEventMulticaster.multicastEvent(SimpleApplicationEventMulticaster.java:131) ~[spring-context-5.3.9.jar:5.3.9]
	at org.springframework.boot.context.event.EventPublishingRunListener.environmentPrepared(EventPublishingRunListener.java:82) ~[spring-boot-2.4.9.jar:2.4.9]
	at org.springframework.boot.SpringApplicationRunListeners.lambda$environmentPrepared$2(SpringApplicationRunListeners.java:63) ~[spring-boot-2.4.9.jar:2.4.9]
	at java.util.ArrayList.forEach(ArrayList.java:1540) ~[?:?]
	at org.springframework.boot.SpringApplicationRunListeners.doWithListeners(SpringApplicationRunListeners.java:117) ~[spring-boot-2.4.9.jar:2.4.9]
	at org.springframework.boot.SpringApplicationRunListeners.doWithListeners(SpringApplicationRunListeners.java:111) ~[spring-boot-2.4.9.jar:2.4.9]
	at org.springframework.boot.SpringApplicationRunListeners.environmentPrepared(SpringApplicationRunListeners.java:62) ~[spring-boot-2.4.9.jar:2.4.9]
	at org.springframework.boot.SpringApplication.prepareEnvironment(SpringApplication.java:375) [spring-boot-2.4.9.jar:2.4.9]
	at org.springframework.boot.SpringApplication.run(SpringApplication.java:333) [spring-boot-2.4.9.jar:2.4.9]
	at org.springframework.boot.SpringApplication.run(SpringApplication.java:1329) [spring-boot-2.4.9.jar:2.4.9]
	at org.springframework.boot.SpringApplication.run(SpringApplication.java:1318) [spring-boot-2.4.9.jar:2.4.9]
	at com.ming.blog.AdminApplication.main(AdminApplication.java:13) [classes/:?]
